<?xml version="1.0" encoding="UTF-8"?>
<!-- Generated by org.testng.reporters.JUnitXMLReporter -->
<testsuite hostname="A3837013.local" name="TestCreatePurchaseRequest" tests="2" failures="0" timestamp="10 Aug 2017 04:42:19 GMT" time="0.006" errors="0">
  <testcase name="@BeforeTest beforeTest" time="0.0" classname="com.runner.TestSuiteRunner">
    <failure type="org.testng.TestNGException" message="
Parameter &amp;apos;sUsername&amp;apos; is required by @Configuration on method beforeTest but has not been marked @Optional or defined
in /Users/yh00462/NewEclipse/PurchaseForm/testng.xml">
      <![CDATA[org.testng.TestNGException: 
Parameter 'sUsername' is required by @Configuration on method beforeTest but has not been marked @Optional or defined
in /Users/yh00462/NewEclipse/PurchaseForm/testng.xml
... Removed 19 stack frames]]>
    </failure>
  </testcase> <!-- @BeforeTest beforeTest -->
  <testcase name="@AfterTest afterTest" time="0.0" classname="com.runner.TestSuiteRunner">
    <skipped/>
  </testcase> <!-- @AfterTest afterTest -->
  <testcase name="testCreatePurchaseRequest" time="0.001" classname="com.runner.TestSuiteRunner">
    <skipped/>
  </testcase> <!-- testCreatePurchaseRequest -->
  <testcase name="testLoginToEverestPortal" time="0.001" classname="com.runner.TestSuiteRunner">
    <skipped/>
  </testcase> <!-- testLoginToEverestPortal -->
</testsuite> <!-- TestCreatePurchaseRequest -->
